<?xml version="1.0" encoding="UTF-8"?>
<coverage generated="1673478072536" clover="3.2.0">
  <project timestamp="1673478072536" name="All files">
    <metrics statements="29" coveredstatements="29" conditionals="2" coveredconditionals="1" methods="17" coveredmethods="15" elements="48" coveredelements="45" complexity="0" loc="29" ncloc="29" packages="1" files="2" classes="2"/>
    <file name="car.js" path="/Users/caitlinmillar/Documents/coursework/week_07/labs/7.3_CarDealership_Functions/car.js">
      <metrics statements="8" coveredstatements="8" conditionals="0" coveredconditionals="0" methods="4" coveredmethods="4"/>
      <line num="1" count="2" type="stmt"/>
      <line num="2" count="16" type="stmt"/>
      <line num="3" count="16" type="stmt"/>
      <line num="4" count="16" type="stmt"/>
      <line num="7" count="2" type="stmt"/>
      <line num="8" count="2" type="stmt"/>
      <line num="9" count="2" type="stmt"/>
      <line num="11" count="2" type="stmt"/>
    </file>
    <file name="dealership.js" path="/Users/caitlinmillar/Documents/coursework/week_07/labs/7.3_CarDealership_Functions/dealership.js">
      <metrics statements="21" coveredstatements="21" conditionals="2" coveredconditionals="1" methods="13" coveredmethods="11"/>
      <line num="1" count="1" type="stmt"/>
      <line num="3" count="1" type="stmt"/>
      <line num="4" count="10" type="stmt"/>
      <line num="5" count="10" type="stmt"/>
      <line num="6" count="10" type="stmt"/>
      <line num="9" count="1" type="stmt"/>
      <line num="10" count="4" type="stmt"/>
      <line num="11" count="1" type="stmt"/>
      <line num="12" count="2" type="stmt"/>
      <line num="13" count="1" type="stmt"/>
      <line num="14" count="1" type="stmt"/>
      <line num="15" count="2" type="cond" truecount="1" falsecount="1"/>
      <line num="16" count="2" type="stmt"/>
      <line num="22" count="1" type="stmt"/>
      <line num="38" count="1" type="stmt"/>
      <line num="39" count="14" type="stmt"/>
      <line num="41" count="1" type="stmt"/>
      <line num="42" count="14" type="stmt"/>
      <line num="44" count="1" type="stmt"/>
      <line num="45" count="14" type="stmt"/>
      <line num="51" count="1" type="stmt"/>
    </file>
  </project>
</coverage>
