<?xml version="1.0" encoding="UTF-8"?>
<coverage generated="1673458511667" clover="3.2.0">
  <project timestamp="1673458511667" name="All files">
    <metrics statements="21" coveredstatements="20" conditionals="0" coveredconditionals="0" methods="11" coveredmethods="9" elements="32" coveredelements="29" complexity="0" loc="21" ncloc="21" packages="1" files="2" classes="2"/>
    <file name="car.js" path="/Users/caitlinmillar/Documents/coursework/week_07/labs/7.3_CarDealership_Functions/car.js">
      <metrics statements="8" coveredstatements="8" conditionals="0" coveredconditionals="0" methods="4" coveredmethods="4"/>
      <line num="1" count="2" type="stmt"/>
      <line num="2" count="40" type="stmt"/>
      <line num="3" count="40" type="stmt"/>
      <line num="4" count="40" type="stmt"/>
      <line num="6" count="40" type="stmt"/>
      <line num="7" count="40" type="stmt"/>
      <line num="8" count="40" type="stmt"/>
      <line num="19" count="2" type="stmt"/>
    </file>
    <file name="dealership.js" path="/Users/caitlinmillar/Documents/coursework/week_07/labs/7.3_CarDealership_Functions/dealership.js">
      <metrics statements="13" coveredstatements="12" conditionals="0" coveredconditionals="0" methods="7" coveredmethods="5"/>
      <line num="1" count="1" type="stmt"/>
      <line num="3" count="1" type="stmt"/>
      <line num="4" count="8" type="stmt"/>
      <line num="5" count="8" type="stmt"/>
      <line num="6" count="8" type="stmt"/>
      <line num="8" count="8" type="stmt"/>
      <line num="9" count="8" type="stmt"/>
      <line num="10" count="8" type="stmt"/>
      <line num="11" count="8" type="stmt"/>
      <line num="12" count="8" type="stmt"/>
      <line num="15" count="1" type="stmt"/>
      <line num="16" count="0" type="stmt"/>
      <line num="42" count="1" type="stmt"/>
    </file>
  </project>
</coverage>
