{"/Users/caitlinmillar/Documents/coursework/week_07/labs/7.3_CarDealership_Functions/car.js": {"path":"/Users/caitlinmillar/Documents/coursework/week_07/labs/7.3_CarDealership_Functions/car.js","statementMap":{"0":{"start":{"line":1,"column":12},"end":{"line":9,"column":1}},"1":{"start":{"line":2,"column":4},"end":{"line":2,"column":37}},"2":{"start":{"line":3,"column":4},"end":{"line":3,"column":23}},"3":{"start":{"line":4,"column":4},"end":{"line":4,"column":25}},"4":{"start":{"line":6,"column":4},"end":{"line":6,"column":46}},"5":{"start":{"line":6,"column":33},"end":{"line":6,"column":45}},"6":{"start":{"line":7,"column":4},"end":{"line":7,"column":32}},"7":{"start":{"line":7,"column":26},"end":{"line":7,"column":31}},"8":{"start":{"line":8,"column":4},"end":{"line":8,"column":34}},"9":{"start":{"line":8,"column":27},"end":{"line":8,"column":33}},"10":{"start":{"line":19,"column":0},"end":{"line":19,"column":23}}},"fnMap":{"0":{"name":"(anonymous_0)","decl":{"start":{"line":1,"column":12},"end":{"line":1,"column":13}},"loc":{"start":{"line":1,"column":51},"end":{"line":9,"column":1}},"line":1},"1":{"name":"(anonymous_1)","decl":{"start":{"line":6,"column":27},"end":{"line":6,"column":28}},"loc":{"start":{"line":6,"column":33},"end":{"line":6,"column":45}},"line":6},"2":{"name":"(anonymous_2)","decl":{"start":{"line":7,"column":20},"end":{"line":7,"column":21}},"loc":{"start":{"line":7,"column":26},"end":{"line":7,"column":31}},"line":7},"3":{"name":"(anonymous_3)","decl":{"start":{"line":8,"column":21},"end":{"line":8,"column":22}},"loc":{"start":{"line":8,"column":27},"end":{"line":8,"column":33}},"line":8}},"branchMap":{},"s":{"0":2,"1":4,"2":4,"3":4,"4":4,"5":1,"6":4,"7":1,"8":4,"9":1,"10":2},"f":{"0":4,"1":1,"2":1,"3":1},"b":{},"_coverageSchema":"1a1c01bbd47fc00a2c39e90264f33305004495a9","hash":"c9f425101f878440bd95a526cf88a5a0b3d95b3a"}
,"/Users/caitlinmillar/Documents/coursework/week_07/labs/7.3_CarDealership_Functions/dealership.js": {"path":"/Users/caitlinmillar/Documents/coursework/week_07/labs/7.3_CarDealership_Functions/dealership.js","statementMap":{"0":{"start":{"line":1,"column":12},"end":{"line":1,"column":28}},"1":{"start":{"line":3,"column":19},"end":{"line":11,"column":1}},"2":{"start":{"line":4,"column":4},"end":{"line":4,"column":21}},"3":{"start":{"line":5,"column":4},"end":{"line":5,"column":35}},"4":{"start":{"line":6,"column":4},"end":{"line":6,"column":23}},"5":{"start":{"line":8,"column":4},"end":{"line":8,"column":28}},"6":{"start":{"line":8,"column":23},"end":{"line":8,"column":27}},"7":{"start":{"line":9,"column":4},"end":{"line":9,"column":42}},"8":{"start":{"line":9,"column":30},"end":{"line":9,"column":41}},"9":{"start":{"line":10,"column":4},"end":{"line":10,"column":30}},"10":{"start":{"line":10,"column":24},"end":{"line":10,"column":29}},"11":{"start":{"line":13,"column":0},"end":{"line":28,"column":1}},"12":{"start":{"line":30,"column":0},"end":{"line":32,"column":1}},"13":{"start":{"line":31,"column":4},"end":{"line":31,"column":34}},"14":{"start":{"line":34,"column":0},"end":{"line":34,"column":30}}},"fnMap":{"0":{"name":"(anonymous_0)","decl":{"start":{"line":3,"column":19},"end":{"line":3,"column":20}},"loc":{"start":{"line":3,"column":53},"end":{"line":11,"column":1}},"line":3},"1":{"name":"(anonymous_1)","decl":{"start":{"line":8,"column":18},"end":{"line":8,"column":19}},"loc":{"start":{"line":8,"column":23},"end":{"line":8,"column":27}},"line":8},"2":{"name":"(anonymous_2)","decl":{"start":{"line":9,"column":25},"end":{"line":9,"column":26}},"loc":{"start":{"line":9,"column":30},"end":{"line":9,"column":41}},"line":9},"3":{"name":"(anonymous_3)","decl":{"start":{"line":10,"column":19},"end":{"line":10,"column":20}},"loc":{"start":{"line":10,"column":24},"end":{"line":10,"column":29}},"line":10},"4":{"name":"(anonymous_4)","decl":{"start":{"line":30,"column":34},"end":{"line":30,"column":35}},"loc":{"start":{"line":30,"column":44},"end":{"line":32,"column":1}},"line":30}},"branchMap":{},"s":{"0":2,"1":2,"2":3,"3":3,"4":3,"5":3,"6":1,"7":3,"8":1,"9":3,"10":1,"11":2,"12":2,"13":0,"14":2},"f":{"0":3,"1":1,"2":1,"3":1,"4":0},"b":{},"_coverageSchema":"1a1c01bbd47fc00a2c39e90264f33305004495a9","hash":"f2192a03e8d7d656faba46dee08f15c73ec3ee6d"}
}
